TN:
SF:server.js
FN:40,(anonymous_0)
FN:41,(anonymous_1)
FN:53,(anonymous_2)
FNF:3
FNH:2
FNDA:2,(anonymous_0)
FNDA:0,(anonymous_1)
FNDA:1,(anonymous_2)
DA:1,2
DA:2,2
DA:3,2
DA:4,2
DA:5,2
DA:6,2
DA:7,2
DA:9,2
DA:10,2
DA:16,2
DA:22,2
DA:28,2
DA:29,2
DA:35,2
DA:40,2
DA:41,0
DA:47,2
DA:53,2
DA:54,1
DA:58,2
LF:20
LH:19
BRDA:10,0,0,2
BRDA:10,0,1,2
BRF:2
BRH:2
end_of_record
TN:
SF:controllers\TaskController.js
FN:9,(anonymous_0)
FN:25,(anonymous_1)
FN:45,(anonymous_2)
FN:62,(anonymous_3)
FN:76,(anonymous_4)
FNF:5
FNH:5
FNDA:1,(anonymous_0)
FNDA:1,(anonymous_1)
FNDA:1,(anonymous_2)
FNDA:1,(anonymous_3)
FNDA:1,(anonymous_4)
DA:1,2
DA:2,2
DA:9,2
DA:10,1
DA:11,1
DA:12,1
DA:13,1
DA:14,0
DA:16,1
DA:25,2
DA:26,1
DA:27,1
DA:31,1
DA:32,0
DA:34,1
DA:36,0
DA:45,2
DA:46,1
DA:47,1
DA:48,1
DA:49,0
DA:51,1
DA:53,0
DA:62,2
DA:63,1
DA:64,1
DA:65,1
DA:67,0
DA:76,2
DA:77,1
DA:78,1
DA:83,1
DA:84,0
DA:86,1
DA:88,0
LF:35
LH:27
BRDA:31,0,0,0
BRDA:31,0,1,1
BRDA:48,1,0,0
BRDA:48,1,1,1
BRDA:83,2,0,0
BRDA:83,2,1,1
BRF:6
BRH:3
end_of_record
TN:
SF:models\TaskModel.js
FNF:0
FNH:0
DA:1,2
DA:4,2
DA:34,2
LF:3
LH:3
BRF:0
BRH:0
end_of_record
